<?xml version="1.0" encoding="UTF-8"?>
<!-- Generated by org.testng.reporters.JUnitXMLReporter -->
<testsuite hostname="LAPTOP-IVDTKOOS" ignored="0" name="Test" tests="2" failures="1" timestamp="2022-03-08T15:55:28 IST" time="4.424" errors="0">
  <testcase name="openFacebook" time="1.119" classname="sessions.TestngTest1">
    <failure type="java.lang.AssertionError" message="expected [false] but found [true]">
      <![CDATA[java.lang.AssertionError: expected [false] but found [true]
at sessions.TestngTest1.openFacebook(TestngTest1.java:30)
at java.util.ArrayList.forEach(ArrayList.java:1259)
... Removed 31 stack frames]]>
    </failure>
  </testcase> <!-- openFacebook -->
  <testcase name="openGoogle" time="1.099" classname="sessions.TestngTest1"/>
</testsuite> <!-- Test -->
