<?xml version="1.0" encoding="UTF-8"?>
<!-- Generated by org.testng.reporters.JUnitXMLReporter -->
<testsuite hostname="LAPTOP-IVDTKOOS" ignored="0" name="Test" tests="4" failures="0" timestamp="2022-03-04T15:49:44 IST" time="16.58" errors="0">
  <testcase name="openFacebook" time="2.2" classname="sessions.TestngTest1"/>
  <testcase name="openGoogle" time="1.23" classname="sessions.TestngTest1"/>
  <testcase name="openInstagram" time="2.666" classname="sessions.TestngTest2"/>
  <testcase name="openYoutube" time="3.896" classname="sessions.TestngTest2"/>
</testsuite> <!-- Test -->
