<?xml version="1.0" encoding="UTF-8"?>
<!-- Generated by org.testng.reporters.JUnitXMLReporter -->
<testsuite hostname="LAPTOP-IVDTKOOS" ignored="0" name="Test1" tests="4" failures="0" timestamp="2022-03-04T14:59:31 IST" time="21.962" errors="0">
  <testcase name="openFacebook" time="6.28" classname="sessions.TestngTest1"/>
  <testcase name="openGoogle" time="3.245" classname="sessions.TestngTest1"/>
  <testcase name="openInstagram" time="3.658" classname="sessions.TestngTest2"/>
  <testcase name="openYoutube" time="4.519" classname="sessions.TestngTest2"/>
</testsuite> <!-- Test1 -->
