<?xml version="1.0" encoding="UTF-8"?>
<!-- Generated by org.testng.reporters.JUnitXMLReporter -->
<testsuite hostname="LAPTOP-IVDTKOOS" ignored="3" name="Test" tests="1" failures="0" timestamp="22 Mar 2022 10:32:32 GMT" time="5.06" errors="0">
  <testcase name="openFacebook" time="1.536" classname="sessions.TestngTest1"/>
  <testcase name="openYoutube" time="0.0" classname="sessions.TestngTest2">
    <ignored/>
  </testcase> <!-- openYoutube -->
  <testcase name="openInstagram" time="0.0" classname="sessions.TestngTest2">
    <ignored/>
  </testcase> <!-- openInstagram -->
  <testcase name="openGoogle" time="0.0" classname="sessions.TestngTest1">
    <ignored/>
  </testcase> <!-- openGoogle -->
</testsuite> <!-- Test -->
