<?xml version="1.0" encoding="UTF-8"?>
<testng-results ignored="0" total="1" passed="1" failed="0" skipped="0">
  <reporter-output>
  </reporter-output>
  <suite started-at="2022-02-21T15:54:40 IST" name="Default suite" finished-at="2022-02-21T15:54:56 IST" duration-ms="16746">
    <groups>
    </groups>
    <test started-at="2022-02-21T15:54:40 IST" name="Default test" finished-at="2022-02-21T15:54:56 IST" duration-ms="16746">
      <class name="session.ActionsSlider">
        <test-method signature="test()[pri:0, instance:session.ActionsSlider@2e1d27ba]" started-at="2022-02-21T15:54:40 IST" name="test" finished-at="2022-02-21T15:54:56 IST" duration-ms="16700" status="PASS">
          <reporter-output>
          </reporter-output>
        </test-method> <!-- test -->
      </class> <!-- session.ActionsSlider -->
    </test> <!-- Default test -->
  </suite> <!-- Default suite -->
</testng-results>
